 | Epoch 0/99
 | --------------------
 | Epoch 0, Loss 3.03
 | Epoch 0, Loss 3.82
 | Epoch 0, Loss 6.19
 | Epoch 0, Loss 1.09
 | Epoch 0, Loss 0.35
 | Epoch 0, Loss 0.58
 | Epoch 0, Loss 0.69
 | Epoch 0, Loss 0.73
 | Epoch 0, Loss 0.28
 | Epoch 0, Loss 0.30
 | Epoch 0, Loss 0.24
 | Epoch 0, Loss 0.28
 | Epoch 0, Loss 0.44
 | Epoch 0, Loss 0.99
 | Epoch 0, Loss 0.22
 | Epoch 0, Loss 0.74
 | Epoch 0, Loss 0.19
 | Epoch 0, Loss 0.77
 | train Epoch Loss 10.59
 | valid Epoch Loss 0.31
 | Epoch 0 state saved, now loss reaches 0.30961468693212846...
 | Time consuming: 15.85s
 | 
 | Epoch 1/99
 | --------------------
 | Epoch 1, Loss 0.49
 | Epoch 1, Loss 0.45
 | Epoch 1, Loss 0.28
 | Epoch 1, Loss 0.15
 | Epoch 1, Loss 0.33
 | Epoch 1, Loss 0.11
 | Epoch 1, Loss 0.25
 | Epoch 1, Loss 0.36
 | Epoch 1, Loss 0.23
 | Epoch 1, Loss 0.33
 | Epoch 1, Loss 0.44
 | Epoch 1, Loss 0.39
 | Epoch 1, Loss 0.45
 | Epoch 1, Loss 0.46
 | Epoch 1, Loss 0.17
 | Epoch 1, Loss 0.73
 | Epoch 1, Loss 0.25
 | Epoch 1, Loss 0.13
 | train Epoch Loss 0.39
 | valid Epoch Loss 0.26
 | Epoch 1 state saved, now loss reaches 0.2583311590747237...
 | Time consuming: 31.47s
 | 
 | Epoch 2/99
 | --------------------
 | Epoch 2, Loss 0.32
 | Epoch 2, Loss 0.26
 | Epoch 2, Loss 0.38
 | Epoch 2, Loss 0.29
 | Epoch 2, Loss 0.70
 | Epoch 2, Loss 0.15
 | Epoch 2, Loss 0.28
 | Epoch 2, Loss 0.27
 | Epoch 2, Loss 0.41
 | Epoch 2, Loss 0.44
 | Epoch 2, Loss 0.21
 | Epoch 2, Loss 0.35
 | Epoch 2, Loss 0.37
 | Epoch 2, Loss 0.34
 | Epoch 2, Loss 0.38
 | Epoch 2, Loss 0.44
 | Epoch 2, Loss 1.11
 | Epoch 2, Loss 0.37
 | train Epoch Loss 0.37
 | valid Epoch Loss 0.27
 | Time consuming: 48.27s
 | 
 | Epoch 3/99
 | --------------------
 | Epoch 3, Loss 0.43
 | Epoch 3, Loss 0.31
 | Epoch 3, Loss 0.33
 | Epoch 3, Loss 0.45
 | Epoch 3, Loss 0.43
 | Epoch 3, Loss 0.67
 | Epoch 3, Loss 0.58
 | Epoch 3, Loss 0.27
 | Epoch 3, Loss 0.28
 | Epoch 3, Loss 0.33
 | Epoch 3, Loss 0.37
 | Epoch 3, Loss 0.20
 | Epoch 3, Loss 0.47
 | Epoch 3, Loss 0.36
 | Epoch 3, Loss 0.31
 | Epoch 3, Loss 0.34
 | Epoch 3, Loss 0.36
 | Epoch 3, Loss 0.24
 | train Epoch Loss 0.37
 | valid Epoch Loss 0.34
 | Time consuming: 65.07s
 | 
 | Epoch 4/99
 | --------------------
 | Epoch 4, Loss 0.56
 | Epoch 4, Loss 0.17
 | Epoch 4, Loss 0.29
 | Epoch 4, Loss 0.24
 | Epoch 4, Loss 0.85
 | Epoch 4, Loss 0.40
 | Epoch 4, Loss 0.24
 | Epoch 4, Loss 1.34
 | Epoch 4, Loss 0.19
 | Epoch 4, Loss 0.31
 | Epoch 4, Loss 0.25
 | Epoch 4, Loss 0.23
 | Epoch 4, Loss 0.30
 | Epoch 4, Loss 0.27
 | Epoch 4, Loss 0.42
 | Epoch 4, Loss 0.23
 | Epoch 4, Loss 0.33
 | Epoch 4, Loss 0.07
 | train Epoch Loss 0.38
 | valid Epoch Loss 0.29
 | Time consuming: 81.92s
 | 
 | Epoch 5/99
 | --------------------
 | Epoch 5, Loss 0.69
 | Epoch 5, Loss 0.24
 | Epoch 5, Loss 0.37
 | Epoch 5, Loss 0.27
 | Epoch 5, Loss 0.38
 | Epoch 5, Loss 0.21
 | Epoch 5, Loss 0.31
 | Epoch 5, Loss 0.37
 | Epoch 5, Loss 0.41
 | Epoch 5, Loss 0.35
 | Epoch 5, Loss 0.19
 | Epoch 5, Loss 0.42
 | Epoch 5, Loss 0.40
 | Epoch 5, Loss 0.52
 | Epoch 5, Loss 0.20
 | Epoch 5, Loss 0.27
 | Epoch 5, Loss 0.54
 | Epoch 5, Loss 0.25
 | train Epoch Loss 0.36
 | valid Epoch Loss 0.38
 | Time consuming: 98.72s
 | 
 | Epoch 6/99
 | --------------------
 | Epoch 6, Loss 0.49
 | Epoch 6, Loss 0.50
 | Epoch 6, Loss 0.49
 | Epoch 6, Loss 1.07
 | Epoch 6, Loss 0.31
 | Epoch 6, Loss 0.26
 | Epoch 6, Loss 0.32
 | Epoch 6, Loss 0.40
 | Epoch 6, Loss 0.26
 | Epoch 6, Loss 0.23
 | Epoch 6, Loss 0.22
 | Epoch 6, Loss 0.26
 | Epoch 6, Loss 0.40
 | Epoch 6, Loss 0.55
 | Epoch 6, Loss 0.13
 | Epoch 6, Loss 0.28
 | Epoch 6, Loss 0.35
 | Epoch 6, Loss 0.47
 | train Epoch Loss 0.36
 | valid Epoch Loss 0.25
 | Epoch 6 state saved, now loss reaches 0.25464446951921615...
 | Time consuming: 115.42s
 | 
 | Epoch 7/99
 | --------------------
 | Epoch 7, Loss 0.21
 | Epoch 7, Loss 0.31
 | Epoch 7, Loss 0.32
 | Epoch 7, Loss 0.16
 | Epoch 7, Loss 0.39
 | Epoch 7, Loss 0.15
 | Epoch 7, Loss 0.19
 | Epoch 7, Loss 0.50
 | Epoch 7, Loss 0.29
 | Epoch 7, Loss 0.44
 | Epoch 7, Loss 0.28
 | Epoch 7, Loss 0.11
 | Epoch 7, Loss 0.39
 | Epoch 7, Loss 0.34
 | Epoch 7, Loss 0.57
 | Epoch 7, Loss 0.57
 | Epoch 7, Loss 0.38
 | Epoch 7, Loss 0.35
 | train Epoch Loss 0.37
 | valid Epoch Loss 0.28
 | Time consuming: 132.00s
 | 
 | Epoch 8/99
 | --------------------
 | Epoch 8, Loss 0.15
 | Epoch 8, Loss 0.21
 | Epoch 8, Loss 0.45
 | Epoch 8, Loss 0.44
 | Epoch 8, Loss 0.27
 | Epoch 8, Loss 0.17
 | Epoch 8, Loss 0.53
 | Epoch 8, Loss 0.22
 | Epoch 8, Loss 0.24
 | Epoch 8, Loss 0.29
 | Epoch 8, Loss 0.23
 | Epoch 8, Loss 1.82
 | Epoch 8, Loss 0.48
 | Epoch 8, Loss 0.57
 | Epoch 8, Loss 0.20
 | Epoch 8, Loss 0.15
 | Epoch 8, Loss 0.26
 | Epoch 8, Loss 0.51
 | train Epoch Loss 0.35
 | valid Epoch Loss 0.26
 | Time consuming: 148.59s
 | 
 | Epoch 9/99
 | --------------------
 | Epoch 9, Loss 0.65
 | Epoch 9, Loss 0.46
 | Epoch 9, Loss 0.77
 | Epoch 9, Loss 0.13
 | Epoch 9, Loss 0.22
 | Epoch 9, Loss 0.36
 | Epoch 9, Loss 0.31
 | Epoch 9, Loss 0.15
 | Epoch 9, Loss 0.32
 | Epoch 9, Loss 0.89
 | Epoch 9, Loss 0.26
 | Epoch 9, Loss 0.24
 | Epoch 9, Loss 0.20
 | Epoch 9, Loss 0.28
 | Epoch 9, Loss 0.74
 | Epoch 9, Loss 0.45
 | Epoch 9, Loss 0.32
 | Epoch 9, Loss 0.48
 | train Epoch Loss 0.35
 | valid Epoch Loss 0.25
 | Epoch 9 state saved, now loss reaches 0.2518187471187904...
 | Time consuming: 165.17s
 | 
 | Epoch 10/99
 | --------------------
 | Epoch 10, Loss 0.52
 | Epoch 10, Loss 0.40
 | Epoch 10, Loss 0.26
 | Epoch 10, Loss 0.33
 | Epoch 10, Loss 0.21
 | Epoch 10, Loss 0.24
 | Epoch 10, Loss 0.30
 | Epoch 10, Loss 0.26
 | Epoch 10, Loss 0.25
 | Epoch 10, Loss 0.28
 | Epoch 10, Loss 0.52
 | Epoch 10, Loss 0.30
 | Epoch 10, Loss 0.25
 | Epoch 10, Loss 0.61
 | Epoch 10, Loss 0.33
 | Epoch 10, Loss 0.27
 | Epoch 10, Loss 0.30
 | Epoch 10, Loss 0.75
 | train Epoch Loss 0.36
 | valid Epoch Loss 0.26
 | Time consuming: 181.69s
 | 
 | Epoch 11/99
 | --------------------
 | Epoch 11, Loss 0.94
 | Epoch 11, Loss 0.40
 | Epoch 11, Loss 0.32
 | Epoch 11, Loss 0.20
 | Epoch 11, Loss 0.35
 | Epoch 11, Loss 0.49
 | Epoch 11, Loss 0.43
 | Epoch 11, Loss 0.14
 | Epoch 11, Loss 0.29
 | Epoch 11, Loss 0.23
 | Epoch 11, Loss 0.74
 | Epoch 11, Loss 0.28
 | Epoch 11, Loss 0.32
 | Epoch 11, Loss 0.54
 | Epoch 11, Loss 0.26
 | Epoch 11, Loss 0.19
 | Epoch 11, Loss 0.21
 | Epoch 11, Loss 0.56
 | train Epoch Loss 0.37
 | valid Epoch Loss 0.25
 | Time consuming: 198.32s
 | 
 | Epoch 12/99
 | --------------------
 | Epoch 12, Loss 0.32
 | Epoch 12, Loss 0.47
 | Epoch 12, Loss 1.66
 | Epoch 12, Loss 0.20
 | Epoch 12, Loss 0.33
 | Epoch 12, Loss 1.14
 | Epoch 12, Loss 0.34
 | Epoch 12, Loss 0.41
 | Epoch 12, Loss 0.25
 | Epoch 12, Loss 0.17
 | Epoch 12, Loss 0.35
 | Epoch 12, Loss 0.52
 | Epoch 12, Loss 0.32
 | Epoch 12, Loss 0.09
 | Epoch 12, Loss 0.32
 | Epoch 12, Loss 0.35
 | Epoch 12, Loss 0.62
 | Epoch 12, Loss 0.19
 | train Epoch Loss 0.35
 | valid Epoch Loss 0.25
 | Time consuming: 214.81s
 | 
 | Epoch 13/99
 | --------------------
 | Epoch 13, Loss 0.28
 | Epoch 13, Loss 0.44
 | Epoch 13, Loss 0.30
 | Epoch 13, Loss 0.23
 | Epoch 13, Loss 0.28
 | Epoch 13, Loss 0.38
 | Epoch 13, Loss 0.16
 | Epoch 13, Loss 0.17
 | Epoch 13, Loss 0.26
 | Epoch 13, Loss 0.13
 | Epoch 13, Loss 0.77
 | Epoch 13, Loss 0.16
 | Epoch 13, Loss 0.15
 | Epoch 13, Loss 0.29
 | Epoch 13, Loss 0.33
 | Epoch 13, Loss 0.41
 | Epoch 13, Loss 0.13
 | Epoch 13, Loss 0.00
 | train Epoch Loss 0.34
 | valid Epoch Loss 0.30
 | Time consuming: 231.36s
 | 
 | Epoch 14/99
 | --------------------
 | Epoch 14, Loss 0.32
 | Epoch 14, Loss 0.44
 | Epoch 14, Loss 0.20
 | Epoch 14, Loss 0.39
 | Epoch 14, Loss 0.32
 | Epoch 14, Loss 0.15
 | Epoch 14, Loss 0.49
 | Epoch 14, Loss 0.38
 | Epoch 14, Loss 0.46
 | Epoch 14, Loss 0.16
 | Epoch 14, Loss 0.20
 | Epoch 14, Loss 0.18
 | Epoch 14, Loss 1.08
 | Epoch 14, Loss 0.90
 | Epoch 14, Loss 0.26
 | Epoch 14, Loss 0.24
 | Epoch 14, Loss 0.17
 | Epoch 14, Loss 0.66
 | train Epoch Loss 0.35
 | valid Epoch Loss 0.25
 | Time consuming: 247.90s
 | 
 | Epoch 15/99
 | --------------------
 | Epoch 15, Loss 0.54
 | Epoch 15, Loss 0.62
 | Epoch 15, Loss 0.43
 | Epoch 15, Loss 0.28
 | Epoch 15, Loss 0.31
 | Epoch 15, Loss 0.16
 | Epoch 15, Loss 0.34
 | Epoch 15, Loss 0.47
 | Epoch 15, Loss 0.22
 | Epoch 15, Loss 0.28
 | Epoch 15, Loss 0.08
 | Epoch 15, Loss 0.32
 | Epoch 15, Loss 0.35
 | Epoch 15, Loss 0.32
 | Epoch 15, Loss 0.53
 | Epoch 15, Loss 0.37
 | Epoch 15, Loss 0.51
 | Epoch 15, Loss 0.29
 | train Epoch Loss 0.35
 | valid Epoch Loss 0.25
 | Epoch 15 state saved, now loss reaches 0.2478450469320945...
 | Time consuming: 264.45s
 | 
 | Epoch 16/99
 | --------------------
 | Epoch 16, Loss 0.23
 | Epoch 16, Loss 0.24
 | Epoch 16, Loss 0.21
 | Epoch 16, Loss 0.35
 | Epoch 16, Loss 0.31
 | Epoch 16, Loss 0.23
 | Epoch 16, Loss 0.26
 | Epoch 16, Loss 0.23
 | Epoch 16, Loss 0.69
 | Epoch 16, Loss 0.45
 | Epoch 16, Loss 0.16
 | Epoch 16, Loss 0.36
 | Epoch 16, Loss 0.50
 | Epoch 16, Loss 0.38
 | Epoch 16, Loss 0.28
 | Epoch 16, Loss 0.23
 | Epoch 16, Loss 0.29
 | Epoch 16, Loss 0.27
 | train Epoch Loss 0.35
 | valid Epoch Loss 0.28
 | Time consuming: 280.94s
 | 
 | Epoch 17/99
 | --------------------
 | Epoch 17, Loss 0.28
 | Epoch 17, Loss 0.50
 | Epoch 17, Loss 0.31
 | Epoch 17, Loss 0.11
 | Epoch 17, Loss 0.55
 | Epoch 17, Loss 0.38
 | Epoch 17, Loss 0.24
 | Epoch 17, Loss 0.41
 | Epoch 17, Loss 0.22
 | Epoch 17, Loss 0.30
 | Epoch 17, Loss 0.25
 | Epoch 17, Loss 0.64
 | Epoch 17, Loss 0.25
 | Epoch 17, Loss 0.47
 | Epoch 17, Loss 0.42
 | Epoch 17, Loss 0.36
 | Epoch 17, Loss 0.20
 | Epoch 17, Loss 0.42
 | train Epoch Loss 0.34
 | valid Epoch Loss 0.26
 | Time consuming: 297.42s
 | 
 | Epoch 18/99
 | --------------------
 | Epoch 18, Loss 0.12
 | Epoch 18, Loss 0.24
 | Epoch 18, Loss 0.29
 | Epoch 18, Loss 0.30
 | Epoch 18, Loss 0.16
 | Epoch 18, Loss 0.35
 | Epoch 18, Loss 0.31
 | Epoch 18, Loss 0.19
 | Epoch 18, Loss 0.29
 | Epoch 18, Loss 0.65
 | Epoch 18, Loss 0.71
 | Epoch 18, Loss 0.47
 | Epoch 18, Loss 0.37
 | Epoch 18, Loss 0.33
 | Epoch 18, Loss 0.20
 | Epoch 18, Loss 0.25
 | Epoch 18, Loss 0.29
 | Epoch 18, Loss 0.05
 | train Epoch Loss 0.34
 | valid Epoch Loss 0.26
 | Time consuming: 314.00s
 | 
 | Epoch 19/99
 | --------------------
 | Epoch 19, Loss 0.24
 | Epoch 19, Loss 0.24
 | Epoch 19, Loss 0.53
 | Epoch 19, Loss 0.52
 | Epoch 19, Loss 0.38
 | Epoch 19, Loss 0.57
 | Epoch 19, Loss 0.24
 | Epoch 19, Loss 0.22
 | Epoch 19, Loss 0.31
 | Epoch 19, Loss 0.77
 | Epoch 19, Loss 0.22
 | Epoch 19, Loss 0.25
 | Epoch 19, Loss 0.17
 | Epoch 19, Loss 0.31
 | Epoch 19, Loss 0.27
 | Epoch 19, Loss 0.27
 | Epoch 19, Loss 0.16
 | Epoch 19, Loss 0.22
 | train Epoch Loss 0.34
 | valid Epoch Loss 0.25
 | Epoch 19 state saved, now loss reaches 0.24778268181467106...
 | Time consuming: 330.66s
 | 
 | Epoch 20/99
 | --------------------
 | Epoch 20, Loss 0.22
 | Epoch 20, Loss 0.36
 | Epoch 20, Loss 0.35
 | Epoch 20, Loss 0.30
 | Epoch 20, Loss 0.23
 | Epoch 20, Loss 0.27
 | Epoch 20, Loss 0.33
 | Epoch 20, Loss 0.38
 | Epoch 20, Loss 0.35
 | Epoch 20, Loss 0.19
 | Epoch 20, Loss 0.21
 | Epoch 20, Loss 0.36
 | Epoch 20, Loss 0.28
 | Epoch 20, Loss 0.21
 | Epoch 20, Loss 0.29
 | Epoch 20, Loss 0.35
 | Epoch 20, Loss 0.15
 | Epoch 20, Loss 0.43
 | train Epoch Loss 0.34
 | valid Epoch Loss 0.26
 | Time consuming: 347.12s
 | 
 | Epoch 21/99
 | --------------------
 | Epoch 21, Loss 0.14
 | Epoch 21, Loss 0.53
 | Epoch 21, Loss 0.35
 | Epoch 21, Loss 0.18
 | Epoch 21, Loss 0.36
 | Epoch 21, Loss 0.30
 | Epoch 21, Loss 0.20
 | Epoch 21, Loss 0.37
 | Epoch 21, Loss 0.09
 | Epoch 21, Loss 0.32
 | Epoch 21, Loss 0.14
 | Epoch 21, Loss 0.18
 | Epoch 21, Loss 0.19
 | Epoch 21, Loss 0.27
 | Epoch 21, Loss 0.59
 | Epoch 21, Loss 0.36
 | Epoch 21, Loss 0.20
 | Epoch 21, Loss 0.46
 | train Epoch Loss 0.34
 | valid Epoch Loss 0.27
 | Time consuming: 363.74s
 | 
 | Epoch 22/99
 | --------------------
 | Epoch 22, Loss 0.21
 | Epoch 22, Loss 0.48
 | Epoch 22, Loss 0.13
 | Epoch 22, Loss 0.59
 | Epoch 22, Loss 0.53
 | Epoch 22, Loss 0.18
 | Epoch 22, Loss 0.18
 | Epoch 22, Loss 0.41
 | Epoch 22, Loss 0.76
 | Epoch 22, Loss 0.31
 | Epoch 22, Loss 0.31
 | Epoch 22, Loss 0.34
 | Epoch 22, Loss 0.31
 | Epoch 22, Loss 0.34
 | Epoch 22, Loss 0.10
 | Epoch 22, Loss 0.41
 | Epoch 22, Loss 0.18
 | Epoch 22, Loss 0.15
 | train Epoch Loss 0.35
 | valid Epoch Loss 0.27
 | Time consuming: 380.33s
 | 
 | Epoch 23/99
 | --------------------
 | Epoch 23, Loss 0.22
 | Epoch 23, Loss 0.71
 | Epoch 23, Loss 0.31
 | Epoch 23, Loss 0.62
 | Epoch 23, Loss 0.96
 | Epoch 23, Loss 0.23
 | Epoch 23, Loss 0.25
 | Epoch 23, Loss 0.38
 | Epoch 23, Loss 0.25
 | Epoch 23, Loss 0.22
 | Epoch 23, Loss 0.57
 | Epoch 23, Loss 0.22
 | Epoch 23, Loss 0.54
 | Epoch 23, Loss 0.29
 | Epoch 23, Loss 0.38
 | Epoch 23, Loss 0.20
 | Epoch 23, Loss 0.39
 | Epoch 23, Loss 0.01
 | train Epoch Loss 0.35
 | valid Epoch Loss 0.25
 | Epoch 23 state saved, now loss reaches 0.24767776190135807...
 | Time consuming: 396.92s
 | 
 | Epoch 24/99
 | --------------------
 | Epoch 24, Loss 0.39
 | Epoch 24, Loss 0.11
 | Epoch 24, Loss 0.40
 | Epoch 24, Loss 0.17
 | Epoch 24, Loss 0.12
 | Epoch 24, Loss 0.29
 | Epoch 24, Loss 0.33
 | Epoch 24, Loss 0.51
 | Epoch 24, Loss 0.49
 | Epoch 24, Loss 0.28
 | Epoch 24, Loss 0.27
 | Epoch 24, Loss 0.30
 | Epoch 24, Loss 0.26
 | Epoch 24, Loss 0.28
 | Epoch 24, Loss 0.19
 | Epoch 24, Loss 1.67
 | Epoch 24, Loss 0.69
 | Epoch 24, Loss 0.51
 | train Epoch Loss 0.34
 | valid Epoch Loss 0.30
 | Time consuming: 413.43s
 | 
 | Epoch 25/99
 | --------------------
 | Epoch 25, Loss 0.48
 | Epoch 25, Loss 0.32
 | Epoch 25, Loss 0.54
 | Epoch 25, Loss 0.33
 | Epoch 25, Loss 0.35
 | Epoch 25, Loss 0.21
 | Epoch 25, Loss 0.26
 | Epoch 25, Loss 0.37
 | Epoch 25, Loss 0.25
 | Epoch 25, Loss 0.37
 | Epoch 25, Loss 0.15
 | Epoch 25, Loss 0.48
 | Epoch 25, Loss 0.22
 | Epoch 25, Loss 0.41
 | Epoch 25, Loss 0.36
 | Epoch 25, Loss 0.21
 | Epoch 25, Loss 1.66
 | Epoch 25, Loss 0.21
 | train Epoch Loss 0.35
 | valid Epoch Loss 0.27
 | Time consuming: 429.97s
 | 
 | Epoch 26/99
 | --------------------
 | Epoch 26, Loss 0.52
 | Epoch 26, Loss 0.22
 | Epoch 26, Loss 0.24
 | Epoch 26, Loss 0.31
 | Epoch 26, Loss 0.14
 | Epoch 26, Loss 0.32
 | Epoch 26, Loss 0.43
 | Epoch 26, Loss 0.39
 | Epoch 26, Loss 0.48
 | Epoch 26, Loss 0.35
 | Epoch 26, Loss 0.27
 | Epoch 26, Loss 0.29
 | Epoch 26, Loss 0.17
 | Epoch 26, Loss 0.24
 | Epoch 26, Loss 0.19
 | Epoch 26, Loss 0.29
 | Epoch 26, Loss 0.55
 | Epoch 26, Loss 0.39
 | train Epoch Loss 0.34
 | valid Epoch Loss 0.27
 | Time consuming: 446.51s
 | 
 | Epoch 27/99
 | --------------------
 | Epoch 27, Loss 0.25
 | Epoch 27, Loss 0.20
 | Epoch 27, Loss 0.18
 | Epoch 27, Loss 0.22
 | Epoch 27, Loss 0.25
 | Epoch 27, Loss 0.30
 | Epoch 27, Loss 0.24
 | Epoch 27, Loss 0.19
 | Epoch 27, Loss 0.18
 | Epoch 27, Loss 0.42
 | Epoch 27, Loss 1.89
 | Epoch 27, Loss 0.36
 | Epoch 27, Loss 0.36
 | Epoch 27, Loss 0.51
 | Epoch 27, Loss 0.25
 | Epoch 27, Loss 0.24
 | Epoch 27, Loss 0.25
 | Epoch 27, Loss 0.09
 | train Epoch Loss 0.34
 | valid Epoch Loss 0.26
 | Time consuming: 462.97s
 | 
 | Epoch 28/99
 | --------------------
 | Epoch 28, Loss 0.21
 | Epoch 28, Loss 0.47
 | Epoch 28, Loss 0.29
 | Epoch 28, Loss 0.18
 | Epoch 28, Loss 0.35
 | Epoch 28, Loss 0.32
 | Epoch 28, Loss 0.19
 | Epoch 28, Loss 0.25
 | Epoch 28, Loss 0.60
 | Epoch 28, Loss 0.55
 | Epoch 28, Loss 0.38
 | Epoch 28, Loss 0.21
 | Epoch 28, Loss 0.38
 | Epoch 28, Loss 0.20
 | Epoch 28, Loss 0.32
 | Epoch 28, Loss 0.35
 | Epoch 28, Loss 0.15
 | Epoch 28, Loss 0.17
 | train Epoch Loss 0.34
 | valid Epoch Loss 0.26
 | Time consuming: 479.48s
 | 
 | Epoch 29/99
 | --------------------
 | Epoch 29, Loss 0.50
 | Epoch 29, Loss 0.39
 | Epoch 29, Loss 0.33
 | Epoch 29, Loss 0.69
 | Epoch 29, Loss 0.41
 | Epoch 29, Loss 0.34
 | Epoch 29, Loss 0.30
 | Epoch 29, Loss 0.26
 | Epoch 29, Loss 0.33
 | Epoch 29, Loss 0.13
 | Epoch 29, Loss 1.07
 | Epoch 29, Loss 0.43
 | Epoch 29, Loss 0.43
 | Epoch 29, Loss 0.27
 | Epoch 29, Loss 0.19
 | Epoch 29, Loss 0.27
 | Epoch 29, Loss 0.27
 | Epoch 29, Loss 0.23
 | train Epoch Loss 0.35
 | valid Epoch Loss 0.25
 | Time consuming: 496.03s
 | 
 | Epoch 30/99
 | --------------------
 | Epoch 30, Loss 0.28
 | Epoch 30, Loss 0.57
 | Epoch 30, Loss 0.75
 | Epoch 30, Loss 0.34
 | Epoch 30, Loss 0.15
 | Epoch 30, Loss 0.15
 | Epoch 30, Loss 0.31
 | Epoch 30, Loss 0.40
 | Epoch 30, Loss 0.19
 | Epoch 30, Loss 0.29
 | Epoch 30, Loss 0.27
 | Epoch 30, Loss 0.31
 | Epoch 30, Loss 0.40
 | Epoch 30, Loss 0.27
 | Epoch 30, Loss 0.22
 | Epoch 30, Loss 0.27
 | Epoch 30, Loss 0.44
 | Epoch 30, Loss 0.47
 | train Epoch Loss 0.34
 | valid Epoch Loss 0.25
 | Epoch 30 state saved, now loss reaches 0.24581319762669662...
 | Time consuming: 512.63s
 | 
 | Epoch 31/99
 | --------------------
 | Epoch 31, Loss 0.19
 | Epoch 31, Loss 0.35
 | Epoch 31, Loss 0.41
 | Epoch 31, Loss 0.46
 | Epoch 31, Loss 0.25
 | Epoch 31, Loss 1.14
 | Epoch 31, Loss 0.20
 | Epoch 31, Loss 0.56
 | Epoch 31, Loss 0.25
 | Epoch 31, Loss 0.30
 | Epoch 31, Loss 0.21
 | Epoch 31, Loss 0.22
 | Epoch 31, Loss 0.35
 | Epoch 31, Loss 0.29
 | Epoch 31, Loss 0.25
 | Epoch 31, Loss 0.38
 | Epoch 31, Loss 0.28
 | Epoch 31, Loss 0.33
 | train Epoch Loss 0.33
 | valid Epoch Loss 0.25
 | Time consuming: 529.03s
 | 
 | Epoch 32/99
 | --------------------
 | Epoch 32, Loss 0.21
 | Epoch 32, Loss 0.25
 | Epoch 32, Loss 0.24
 | Epoch 32, Loss 0.31
 | Epoch 32, Loss 0.24
 | Epoch 32, Loss 0.33
 | Epoch 32, Loss 0.50
 | Epoch 32, Loss 0.23
 | Epoch 32, Loss 0.52
 | Epoch 32, Loss 0.19
 | Epoch 32, Loss 0.31
 | Epoch 32, Loss 0.23
 | Epoch 32, Loss 0.19
 | Epoch 32, Loss 0.19
 | Epoch 32, Loss 0.31
 | Epoch 32, Loss 0.44
 | Epoch 32, Loss 0.20
 | Epoch 32, Loss 0.47
 | train Epoch Loss 0.34
 | valid Epoch Loss 0.25
 | Time consuming: 545.70s
 | 
 | Epoch 33/99
 | --------------------
 | Epoch 33, Loss 0.23
 | Epoch 33, Loss 0.29
 | Epoch 33, Loss 0.25
 | Epoch 33, Loss 0.38
 | Epoch 33, Loss 0.59
 | Epoch 33, Loss 0.62
 | Epoch 33, Loss 0.39
 | Epoch 33, Loss 0.35
 | Epoch 33, Loss 0.31
 | Epoch 33, Loss 0.40
 | Epoch 33, Loss 0.19
 | Epoch 33, Loss 0.22
 | Epoch 33, Loss 0.93
 | Epoch 33, Loss 0.17
 | Epoch 33, Loss 0.21
 | Epoch 33, Loss 0.20
 | Epoch 33, Loss 0.39
 | Epoch 33, Loss 0.44
 | train Epoch Loss 0.33
 | valid Epoch Loss 0.25
 | Time consuming: 562.14s
 | 
 | Epoch 34/99
 | --------------------
 | Epoch 34, Loss 0.16
 | Epoch 34, Loss 0.44
 | Epoch 34, Loss 0.20
 | Epoch 34, Loss 0.07
 | Epoch 34, Loss 0.22
 | Epoch 34, Loss 0.31
 | Epoch 34, Loss 0.38
 | Epoch 34, Loss 0.26
 | Epoch 34, Loss 0.37
 | Epoch 34, Loss 0.10
 | Epoch 34, Loss 0.27
 | Epoch 34, Loss 0.43
 | Epoch 34, Loss 0.25
 | Epoch 34, Loss 0.29
 | Epoch 34, Loss 0.22
 | Epoch 34, Loss 0.46
 | Epoch 34, Loss 0.75
 | Epoch 34, Loss 0.25
 | train Epoch Loss 0.33
 | valid Epoch Loss 0.25
 | Time consuming: 578.71s
 | 
 | Epoch 35/99
 | --------------------
 | Epoch 35, Loss 0.23
 | Epoch 35, Loss 0.25
 | Epoch 35, Loss 0.27
 | Epoch 35, Loss 0.17
 | Epoch 35, Loss 0.24
 | Epoch 35, Loss 0.16
 | Epoch 35, Loss 0.14
 | Epoch 35, Loss 0.23
 | Epoch 35, Loss 0.86
 | Epoch 35, Loss 1.59
 | Epoch 35, Loss 0.31
 | Epoch 35, Loss 0.50
 | Epoch 35, Loss 0.48
 | Epoch 35, Loss 0.25
 | Epoch 35, Loss 0.22
 | Epoch 35, Loss 0.26
 | Epoch 35, Loss 0.59
 | Epoch 35, Loss 0.34
 | train Epoch Loss 0.34
 | valid Epoch Loss 0.25
 | Time consuming: 595.20s
 | 
 | Epoch 36/99
 | --------------------
 | Epoch 36, Loss 0.31
 | Epoch 36, Loss 0.33
 | Epoch 36, Loss 0.88
 | Epoch 36, Loss 0.67
 | Epoch 36, Loss 0.39
 | Epoch 36, Loss 0.31
 | Epoch 36, Loss 0.40
 | Epoch 36, Loss 0.61
 | Epoch 36, Loss 0.24
 | Epoch 36, Loss 0.26
 | Epoch 36, Loss 0.32
 | Epoch 36, Loss 0.20
 | Epoch 36, Loss 0.29
 | Epoch 36, Loss 0.19
 | Epoch 36, Loss 0.29
 | Epoch 36, Loss 0.26
 | Epoch 36, Loss 0.23
 | Epoch 36, Loss 0.14
 | train Epoch Loss 0.33
 | valid Epoch Loss 0.25
 | Time consuming: 611.72s
 | 
 | Epoch 37/99
 | --------------------
 | Epoch 37, Loss 0.63
 | Epoch 37, Loss 0.35
 | Epoch 37, Loss 0.35
 | Epoch 37, Loss 0.42
 | Epoch 37, Loss 0.30
 | Epoch 37, Loss 0.20
 | Epoch 37, Loss 0.27
 | Epoch 37, Loss 0.29
 | Epoch 37, Loss 0.12
 | Epoch 37, Loss 0.22
 | Epoch 37, Loss 0.30
 | Epoch 37, Loss 0.21
 | Epoch 37, Loss 1.63
 | Epoch 37, Loss 0.23
 | Epoch 37, Loss 0.30
 | Epoch 37, Loss 0.95
 | Epoch 37, Loss 0.32
 | Epoch 37, Loss 0.55
 | train Epoch Loss 0.34
 | valid Epoch Loss 0.25
 | Time consuming: 628.28s
 | 
 | Epoch 38/99
 | --------------------
 | Epoch 38, Loss 0.20
 | Epoch 38, Loss 0.25
 | Epoch 38, Loss 0.24
 | Epoch 38, Loss 0.21
 | Epoch 38, Loss 0.34
 | Epoch 38, Loss 0.42
 | Epoch 38, Loss 0.17
 | Epoch 38, Loss 0.15
 | Epoch 38, Loss 0.41
 | Epoch 38, Loss 0.22
 | Epoch 38, Loss 0.26
 | Epoch 38, Loss 0.32
 | Epoch 38, Loss 0.44
 | Epoch 38, Loss 0.18
 | Epoch 38, Loss 0.37
 | Epoch 38, Loss 0.44
 | Epoch 38, Loss 0.40
 | Epoch 38, Loss 0.21
 | train Epoch Loss 0.33
 | valid Epoch Loss 0.25
 | Time consuming: 644.84s
 | 
 | Epoch 39/99
 | --------------------
 | Epoch 39, Loss 0.19
 | Epoch 39, Loss 0.42
 | Epoch 39, Loss 0.25
 | Epoch 39, Loss 0.32
 | Epoch 39, Loss 0.22
 | Epoch 39, Loss 0.34
 | Epoch 39, Loss 0.47
 | Epoch 39, Loss 0.25
 | Epoch 39, Loss 0.24
 | Epoch 39, Loss 0.26
 | Epoch 39, Loss 0.20
 | Epoch 39, Loss 0.70
 | Epoch 39, Loss 0.37
 | Epoch 39, Loss 0.29
 | Epoch 39, Loss 0.27
 | Epoch 39, Loss 0.35
 | Epoch 39, Loss 0.22
 | Epoch 39, Loss 0.14
 | train Epoch Loss 0.33
 | valid Epoch Loss 0.25
 | Time consuming: 661.43s
 | 
 | Epoch 40/99
 | --------------------
 | Epoch 40, Loss 0.23
 | Epoch 40, Loss 0.29
 | Epoch 40, Loss 0.82
 | Epoch 40, Loss 0.18
 | Epoch 40, Loss 0.31
 | Epoch 40, Loss 0.21
 | Epoch 40, Loss 0.19
 | Epoch 40, Loss 0.41
 | Epoch 40, Loss 0.18
 | Epoch 40, Loss 0.37
 | Epoch 40, Loss 0.07
 | Epoch 40, Loss 0.23
 | Epoch 40, Loss 0.17
 | Epoch 40, Loss 0.57
 | Epoch 40, Loss 1.79
 | Epoch 40, Loss 0.21
 | Epoch 40, Loss 0.18
 | Epoch 40, Loss 1.69
 | train Epoch Loss 0.34
 | valid Epoch Loss 0.25
 | Time consuming: 677.96s
 | 
 | Epoch 41/99
 | --------------------
 | Epoch 41, Loss 0.25
 | Epoch 41, Loss 0.20
 | Epoch 41, Loss 0.34
 | Epoch 41, Loss 0.46
 | Epoch 41, Loss 0.56
 | Epoch 41, Loss 0.37
 | Epoch 41, Loss 0.39
 | Epoch 41, Loss 0.16
 | Epoch 41, Loss 0.15
 | Epoch 41, Loss 0.38
 | Epoch 41, Loss 0.24
 | Epoch 41, Loss 0.30
 | Epoch 41, Loss 0.20
 | Epoch 41, Loss 0.28
 | Epoch 41, Loss 0.21
 | Epoch 41, Loss 0.25
 | Epoch 41, Loss 0.19
 | Epoch 41, Loss 0.29
 | train Epoch Loss 0.33
 | valid Epoch Loss 0.25
 | Time consuming: 694.57s
 | 
 | Epoch 42/99
 | --------------------
 | Epoch 42, Loss 0.26
 | Epoch 42, Loss 0.29
 | Epoch 42, Loss 0.40
 | Epoch 42, Loss 0.29
 | Epoch 42, Loss 0.36
 | Epoch 42, Loss 0.28
 | Epoch 42, Loss 0.13
 | Epoch 42, Loss 0.19
 | Epoch 42, Loss 0.27
 | Epoch 42, Loss 1.57
 | Epoch 42, Loss 0.49
 | Epoch 42, Loss 0.12
 | Epoch 42, Loss 0.19
 | Epoch 42, Loss 0.39
 | Epoch 42, Loss 0.25
 | Epoch 42, Loss 0.18
 | Epoch 42, Loss 0.34
 | Epoch 42, Loss 0.47
 | train Epoch Loss 0.33
 | valid Epoch Loss 0.25
 | Time consuming: 711.12s
 | 
 | Epoch 43/99
 | --------------------
 | Epoch 43, Loss 0.67
 | Epoch 43, Loss 0.25
 | Epoch 43, Loss 0.25
 | Epoch 43, Loss 0.49
 | Epoch 43, Loss 0.36
 | Epoch 43, Loss 0.63
 | Epoch 43, Loss 0.26
 | Epoch 43, Loss 0.24
 | Epoch 43, Loss 0.17
 | Epoch 43, Loss 0.35
 | Epoch 43, Loss 0.23
 | Epoch 43, Loss 0.40
 | Epoch 43, Loss 0.32
 | Epoch 43, Loss 0.36
 | Epoch 43, Loss 0.18
 | Epoch 43, Loss 0.53
 | Epoch 43, Loss 0.44
 | Epoch 43, Loss 0.01
 | train Epoch Loss 0.33
 | valid Epoch Loss 0.25
 | Time consuming: 727.71s
 | 
 | Epoch 44/99
 | --------------------
 | Epoch 44, Loss 0.15
 | Epoch 44, Loss 0.57
 | Epoch 44, Loss 0.26
 | Epoch 44, Loss 0.14
 | Epoch 44, Loss 0.29
 | Epoch 44, Loss 0.32
 | Epoch 44, Loss 0.35
 | Epoch 44, Loss 0.30
 | Epoch 44, Loss 0.25
 | Epoch 44, Loss 0.28
 | Epoch 44, Loss 0.32
 | Epoch 44, Loss 0.27
 | Epoch 44, Loss 0.37
 | Epoch 44, Loss 0.42
 | Epoch 44, Loss 0.27
 | Epoch 44, Loss 0.45
 | Epoch 44, Loss 0.14
 | Epoch 44, Loss 0.18
 | train Epoch Loss 0.33
 | valid Epoch Loss 0.25
 | Time consuming: 744.35s
 | 
 | Epoch 45/99
 | --------------------
 | Epoch 45, Loss 0.37
 | Epoch 45, Loss 0.17
 | Epoch 45, Loss 0.26
 | Epoch 45, Loss 0.25
 | Epoch 45, Loss 0.32
 | Epoch 45, Loss 0.21
 | Epoch 45, Loss 0.15
 | Epoch 45, Loss 0.24
 | Epoch 45, Loss 0.23
 | Epoch 45, Loss 0.46
 | Epoch 45, Loss 0.15
 | Epoch 45, Loss 0.27
 | Epoch 45, Loss 0.25
 | Epoch 45, Loss 0.17
 | Epoch 45, Loss 0.28
 | Epoch 45, Loss 0.27
 | Epoch 45, Loss 0.55
 | Epoch 45, Loss 0.42
 | train Epoch Loss 0.34
 | valid Epoch Loss 0.25
 | Time consuming: 760.79s
 | 
 | Epoch 46/99
 | --------------------
 | Epoch 46, Loss 0.44
 | Epoch 46, Loss 0.65
 | Epoch 46, Loss 0.28
 | Epoch 46, Loss 0.23
 | Epoch 46, Loss 0.13
 | Epoch 46, Loss 0.38
 | Epoch 46, Loss 0.22
 | Epoch 46, Loss 0.25
 | Epoch 46, Loss 0.28
 | Epoch 46, Loss 0.28
 | Epoch 46, Loss 0.36
 | Epoch 46, Loss 0.22
 | Epoch 46, Loss 0.25
 | Epoch 46, Loss 0.15
 | Epoch 46, Loss 0.61
 | Epoch 46, Loss 0.21
 | Epoch 46, Loss 0.28
 | Epoch 46, Loss 0.00
 | train Epoch Loss 0.33
 | valid Epoch Loss 0.25
 | Time consuming: 777.33s
 | 
 | Epoch 47/99
 | --------------------
 | Epoch 47, Loss 0.35
 | Epoch 47, Loss 0.28
 | Epoch 47, Loss 0.44
 | Epoch 47, Loss 0.25
 | Epoch 47, Loss 0.32
 | Epoch 47, Loss 0.53
 | Epoch 47, Loss 0.30
 | Epoch 47, Loss 0.23
 | Epoch 47, Loss 0.29
 | Epoch 47, Loss 0.23
 | Epoch 47, Loss 0.40
 | Epoch 47, Loss 0.37
 | Epoch 47, Loss 0.25
 | Epoch 47, Loss 0.16
 | Epoch 47, Loss 0.41
 | Epoch 47, Loss 0.23
 | Epoch 47, Loss 0.32
 | Epoch 47, Loss 0.18
 | train Epoch Loss 0.33
 | valid Epoch Loss 0.25
 | Time consuming: 793.93s
 | 
 | Epoch 48/99
 | --------------------
 | Epoch 48, Loss 0.16
 | Epoch 48, Loss 0.28
 | Epoch 48, Loss 0.70
 | Epoch 48, Loss 0.25
 | Epoch 48, Loss 0.25
 | Epoch 48, Loss 0.15
 | Epoch 48, Loss 0.22
 | Epoch 48, Loss 0.13
 | Epoch 48, Loss 0.58
 | Epoch 48, Loss 0.39
 | Epoch 48, Loss 0.31
 | Epoch 48, Loss 0.46
 | Epoch 48, Loss 0.31
 | Epoch 48, Loss 0.19
 | Epoch 48, Loss 0.28
 | Epoch 48, Loss 0.35
 | Epoch 48, Loss 0.41
 | Epoch 48, Loss 0.34
 | train Epoch Loss 0.33
 | valid Epoch Loss 0.24
 | Epoch 48 state saved, now loss reaches 0.24289907868134267...
 | Time consuming: 810.59s
 | 
 | Epoch 49/99
 | --------------------
 | Epoch 49, Loss 0.29
 | Epoch 49, Loss 0.29
 | Epoch 49, Loss 0.27
 | Epoch 49, Loss 0.11
 | Epoch 49, Loss 0.32
 | Epoch 49, Loss 0.29
 | Epoch 49, Loss 0.24
 | Epoch 49, Loss 0.30
 | Epoch 49, Loss 0.38
 | Epoch 49, Loss 0.29
 | Epoch 49, Loss 0.13
 | Epoch 49, Loss 0.33
 | Epoch 49, Loss 0.38
 | Epoch 49, Loss 0.21
 | Epoch 49, Loss 0.21
 | Epoch 49, Loss 0.40
 | Epoch 49, Loss 0.33
 | Epoch 49, Loss 0.13
 | train Epoch Loss 0.33
 | valid Epoch Loss 0.25
 | Time consuming: 827.16s
 | 
 | Epoch 50/99
 | --------------------
 | Epoch 50, Loss 0.49
 | Epoch 50, Loss 0.44
 | Epoch 50, Loss 0.25
 | Epoch 50, Loss 0.58
 | Epoch 50, Loss 0.62
 | Epoch 50, Loss 0.31
 | Epoch 50, Loss 0.31
 | Epoch 50, Loss 0.62
 | Epoch 50, Loss 0.23
 | Epoch 50, Loss 0.31
 | Epoch 50, Loss 0.21
 | Epoch 50, Loss 0.88
 | Epoch 50, Loss 0.22
 | Epoch 50, Loss 0.16
 | Epoch 50, Loss 0.66
 | Epoch 50, Loss 0.16
 | Epoch 50, Loss 0.22
 | Epoch 50, Loss 0.40
 | train Epoch Loss 0.33
 | valid Epoch Loss 0.25
 | Time consuming: 843.78s
 | 
 | Epoch 51/99
 | --------------------
 | Epoch 51, Loss 0.20
 | Epoch 51, Loss 0.26
 | Epoch 51, Loss 0.45
 | Epoch 51, Loss 0.21
 | Epoch 51, Loss 0.45
 | Epoch 51, Loss 0.24
 | Epoch 51, Loss 0.23
 | Epoch 51, Loss 0.28
 | Epoch 51, Loss 0.33
 | Epoch 51, Loss 0.36
 | Epoch 51, Loss 0.18
 | Epoch 51, Loss 0.27
 | Epoch 51, Loss 0.52
 | Epoch 51, Loss 0.20
 | Epoch 51, Loss 0.22
 | Epoch 51, Loss 0.36
 | Epoch 51, Loss 0.25
 | Epoch 51, Loss 0.29
 | train Epoch Loss 0.34
 | valid Epoch Loss 0.24
 | Time consuming: 860.33s
 | 
 | Epoch 52/99
 | --------------------
 | Epoch 52, Loss 0.24
 | Epoch 52, Loss 0.12
 | Epoch 52, Loss 0.29
 | Epoch 52, Loss 0.42
 | Epoch 52, Loss 0.29
 | Epoch 52, Loss 0.20
 | Epoch 52, Loss 0.33
 | Epoch 52, Loss 0.33
 | Epoch 52, Loss 0.35
 | Epoch 52, Loss 0.18
 | Epoch 52, Loss 0.34
 | Epoch 52, Loss 0.22
 | Epoch 52, Loss 0.35
 | Epoch 52, Loss 0.31
 | Epoch 52, Loss 0.20
 | Epoch 52, Loss 0.18
 | Epoch 52, Loss 0.28
 | Epoch 52, Loss 0.20
 | train Epoch Loss 0.33
 | valid Epoch Loss 0.25
 | Time consuming: 877.14s
 | 
 | Epoch 53/99
 | --------------------
 | Epoch 53, Loss 0.25
 | Epoch 53, Loss 1.95
 | Epoch 53, Loss 0.17
 | Epoch 53, Loss 0.43
 | Epoch 53, Loss 0.41
 | Epoch 53, Loss 0.27
 | Epoch 53, Loss 0.36
 | Epoch 53, Loss 0.20
 | Epoch 53, Loss 0.21
 | Epoch 53, Loss 0.44
 | Epoch 53, Loss 0.34
 | Epoch 53, Loss 0.20
 | Epoch 53, Loss 0.22
 | Epoch 53, Loss 0.12
 | Epoch 53, Loss 0.15
 | Epoch 53, Loss 0.96
 | Epoch 53, Loss 0.31
 | Epoch 53, Loss 0.17
 | train Epoch Loss 0.33
 | valid Epoch Loss 0.25
 | Time consuming: 893.97s
 | 
 | Epoch 54/99
 | --------------------
 | Epoch 54, Loss 0.60
 | Epoch 54, Loss 0.42
 | Epoch 54, Loss 0.12
 | Epoch 54, Loss 0.18
 | Epoch 54, Loss 0.25
 | Epoch 54, Loss 0.21
 | Epoch 54, Loss 0.27
 | Epoch 54, Loss 0.28
 | Epoch 54, Loss 0.58
 | Epoch 54, Loss 0.38
 | Epoch 54, Loss 0.12
 | Epoch 54, Loss 0.17
 | Epoch 54, Loss 0.24
 | Epoch 54, Loss 0.16
 | Epoch 54, Loss 0.17
 | Epoch 54, Loss 0.21
 | Epoch 54, Loss 0.33
 | Epoch 54, Loss 0.22
 | train Epoch Loss 0.33
 | valid Epoch Loss 0.25
 | Time consuming: 910.86s
 | 
 | Epoch 55/99
 | --------------------
 | Epoch 55, Loss 0.11
 | Epoch 55, Loss 0.17
 | Epoch 55, Loss 0.26
 | Epoch 55, Loss 0.23
 | Epoch 55, Loss 0.24
 | Epoch 55, Loss 0.26
 | Epoch 55, Loss 0.24
 | Epoch 55, Loss 0.23
 | Epoch 55, Loss 0.18
 | Epoch 55, Loss 1.00
 | Epoch 55, Loss 0.13
 | Epoch 55, Loss 0.32
 | Epoch 55, Loss 0.43
 | Epoch 55, Loss 0.17
 | Epoch 55, Loss 0.24
 | Epoch 55, Loss 0.72
 | Epoch 55, Loss 1.53
 | Epoch 55, Loss 0.57
 | train Epoch Loss 0.33
 | valid Epoch Loss 0.25
 | Time consuming: 927.48s
 | 
 | Epoch 56/99
 | --------------------
 | Epoch 56, Loss 0.34
 | Epoch 56, Loss 0.55
 | Epoch 56, Loss 0.18
 | Epoch 56, Loss 0.24
 | Epoch 56, Loss 0.31
 | Epoch 56, Loss 0.24
 | Epoch 56, Loss 0.18
 | Epoch 56, Loss 0.39
 | Epoch 56, Loss 0.21
 | Epoch 56, Loss 0.25
 | Epoch 56, Loss 0.24
 | Epoch 56, Loss 0.28
 | Epoch 56, Loss 0.47
 | Epoch 56, Loss 0.17
 | Epoch 56, Loss 0.90
 | Epoch 56, Loss 0.30
 | Epoch 56, Loss 0.20
 | Epoch 56, Loss 0.19
 | train Epoch Loss 0.33
 | valid Epoch Loss 0.25
 | Time consuming: 944.24s
 | 
 | Epoch 57/99
 | --------------------
 | Epoch 57, Loss 0.29
 | Epoch 57, Loss 0.16
 | Epoch 57, Loss 0.22
 | Epoch 57, Loss 0.20
 | Epoch 57, Loss 0.39
 | Epoch 57, Loss 0.83
 | Epoch 57, Loss 0.35
 | Epoch 57, Loss 0.19
 | Epoch 57, Loss 0.14
 | Epoch 57, Loss 0.18
 | Epoch 57, Loss 0.35
 | Epoch 57, Loss 0.32
 | Epoch 57, Loss 0.22
 | Epoch 57, Loss 0.19
 | Epoch 57, Loss 0.27
 | Epoch 57, Loss 1.05
 | Epoch 57, Loss 0.34
 | Epoch 57, Loss 0.15
 | train Epoch Loss 0.33
 | valid Epoch Loss 0.25
 | Time consuming: 960.78s
 | 
 | Epoch 58/99
 | --------------------
 | Epoch 58, Loss 0.17
 | Epoch 58, Loss 0.17
 | Epoch 58, Loss 0.32
 | Epoch 58, Loss 0.26
 | Epoch 58, Loss 0.75
 | Epoch 58, Loss 0.26
 | Epoch 58, Loss 0.21
 | Epoch 58, Loss 0.86
 | Epoch 58, Loss 0.16
 | Epoch 58, Loss 0.24
 | Epoch 58, Loss 0.18
 | Epoch 58, Loss 0.37
 | Epoch 58, Loss 0.14
 | Epoch 58, Loss 0.13
 | Epoch 58, Loss 0.26
 | Epoch 58, Loss 0.27
 | Epoch 58, Loss 0.36
 | Epoch 58, Loss 0.19
 | train Epoch Loss 0.33
 | valid Epoch Loss 0.25
 | Time consuming: 977.49s
 | 
 | Epoch 59/99
 | --------------------
 | Epoch 59, Loss 0.37
 | Epoch 59, Loss 0.20
 | Epoch 59, Loss 0.34
 | Epoch 59, Loss 0.29
 | Epoch 59, Loss 0.35
 | Epoch 59, Loss 0.64
 | Epoch 59, Loss 0.21
 | Epoch 59, Loss 0.30
 | Epoch 59, Loss 0.08
 | Epoch 59, Loss 0.49
 | Epoch 59, Loss 0.25
 | Epoch 59, Loss 0.39
 | Epoch 59, Loss 0.23
 | Epoch 59, Loss 0.23
 | Epoch 59, Loss 0.15
 | Epoch 59, Loss 0.37
 | Epoch 59, Loss 0.11
 | Epoch 59, Loss 0.46
 | train Epoch Loss 0.33
 | valid Epoch Loss 0.25
 | Time consuming: 994.25s
 | 
 | Epoch 60/99
 | --------------------
 | Epoch 60, Loss 0.08
 | Epoch 60, Loss 0.90
 | Epoch 60, Loss 0.57
 | Epoch 60, Loss 0.46
 | Epoch 60, Loss 0.23
 | Epoch 60, Loss 0.41
 | Epoch 60, Loss 0.25
 | Epoch 60, Loss 0.27
 | Epoch 60, Loss 0.30
 | Epoch 60, Loss 0.28
 | Epoch 60, Loss 0.20
 | Epoch 60, Loss 0.14
 | Epoch 60, Loss 0.32
 | Epoch 60, Loss 0.24
 | Epoch 60, Loss 0.18
 | Epoch 60, Loss 0.26
 | Epoch 60, Loss 0.33
 | Epoch 60, Loss 0.14
 | train Epoch Loss 0.33
 | valid Epoch Loss 0.25
 | Time consuming: 1010.88s
 | 
 | Epoch 61/99
 | --------------------
 | Epoch 61, Loss 0.35
 | Epoch 61, Loss 0.27
 | Epoch 61, Loss 1.06
 | Epoch 61, Loss 0.27
 | Epoch 61, Loss 0.42
 | Epoch 61, Loss 0.73
 | Epoch 61, Loss 0.21
 | Epoch 61, Loss 0.57
 | Epoch 61, Loss 0.26
 | Epoch 61, Loss 0.30
 | Epoch 61, Loss 0.32
 | Epoch 61, Loss 0.24
 | Epoch 61, Loss 0.37
 | Epoch 61, Loss 0.21
 | Epoch 61, Loss 0.18
 | Epoch 61, Loss 0.28
 | Epoch 61, Loss 0.30
 | Epoch 61, Loss 0.45
 | train Epoch Loss 0.33
 | valid Epoch Loss 0.25
 | Time consuming: 1027.54s
 | 
 | Epoch 62/99
 | --------------------
 | Epoch 62, Loss 0.30
 | Epoch 62, Loss 0.12
 | Epoch 62, Loss 0.42
 | Epoch 62, Loss 0.31
 | Epoch 62, Loss 0.23
 | Epoch 62, Loss 0.24
 | Epoch 62, Loss 0.29
 | Epoch 62, Loss 0.38
 | Epoch 62, Loss 0.34
 | Epoch 62, Loss 0.22
 | Epoch 62, Loss 0.47
 | Epoch 62, Loss 0.24
 | Epoch 62, Loss 0.48
 | Epoch 62, Loss 0.10
 | Epoch 62, Loss 0.36
 | Epoch 62, Loss 0.08
 | Epoch 62, Loss 1.54
 | Epoch 62, Loss 0.08
 | train Epoch Loss 0.33
 | valid Epoch Loss 0.25
 | Time consuming: 1044.16s
 | 
 | Epoch 63/99
 | --------------------
 | Epoch 63, Loss 0.55
 | Epoch 63, Loss 0.36
 | Epoch 63, Loss 0.33
 | Epoch 63, Loss 0.30
 | Epoch 63, Loss 0.11
 | Epoch 63, Loss 0.27
 | Epoch 63, Loss 0.36
 | Epoch 63, Loss 0.17
 | Epoch 63, Loss 0.33
 | Epoch 63, Loss 0.18
 | Epoch 63, Loss 0.32
 | Epoch 63, Loss 1.46
 | Epoch 63, Loss 0.36
 | Epoch 63, Loss 0.26
 | Epoch 63, Loss 0.51
 | Epoch 63, Loss 0.25
 | Epoch 63, Loss 0.26
 | Epoch 63, Loss 0.22
 | train Epoch Loss 0.33
 | valid Epoch Loss 0.25
 | Time consuming: 1061.06s
 | 
 | Epoch 64/99
 | --------------------
 | Epoch 64, Loss 0.17
 | Epoch 64, Loss 0.18
 | Epoch 64, Loss 0.33
 | Epoch 64, Loss 0.19
 | Epoch 64, Loss 0.24
 | Epoch 64, Loss 0.30
 | Epoch 64, Loss 0.45
 | Epoch 64, Loss 0.15
 | Epoch 64, Loss 0.17
 | Epoch 64, Loss 0.40
 | Epoch 64, Loss 0.27
 | Epoch 64, Loss 0.43
 | Epoch 64, Loss 0.43
 | Epoch 64, Loss 0.39
 | Epoch 64, Loss 0.28
 | Epoch 64, Loss 0.42
 | Epoch 64, Loss 0.49
